<?xml version="1.0" encoding="UTF-8"?>
<!-- Generated by org.testng.reporters.JUnitXMLReporter -->
<testsuite ignored="0" hostname="DESKTOP-KHL9E1P" failures="0" tests="6" name="Default test" time="15.34" errors="0" timestamp="2023-04-11T11:51:03 IST">
  <testcase classname="api.test.DDTests" name="testMultipleCreateUser" time="5.761"/>
  <testcase classname="api.test.DDTests" name="testMultipleCreateUser" time="1.257"/>
  <testcase classname="api.test.DDTests" name="testMultipleCreateUser" time="1.286"/>
  <testcase classname="api.test.DDTests" name="testDeleteUserByName" time="1.273"/>
  <testcase classname="api.test.DDTests" name="testDeleteUserByName" time="1.165"/>
  <testcase classname="api.test.DDTests" name="testDeleteUserByName" time="1.206"/>
</testsuite> <!-- Default test -->
