<?xml version="1.0" encoding="UTF-8"?>
<testng-results ignored="0" total="4" passed="4" failed="0" skipped="0">
  <reporter-output>
  </reporter-output>
  <suite started-at="2023-04-23T16:08:07 IST" name="PetSuite" finished-at="2023-04-23T16:08:19 IST" duration-ms="11621">
    <groups>
    </groups>
    <test started-at="2023-04-23T16:08:07 IST" name="PetTest" finished-at="2023-04-23T16:08:19 IST" duration-ms="11621">
      <class name="api.test.UserTest2">
        <test-method is-config="true" signature="setup()[pri:0, instance:api.test.UserTest2@3911c2a7]" started-at="2023-04-23T16:08:07 IST" name="setup" finished-at="2023-04-23T16:08:08 IST" duration-ms="1039" status="PASS">
          <reporter-output>
          </reporter-output>
        </test-method> <!-- setup -->
        <test-method signature="testPostUser()[pri:1, instance:api.test.UserTest2@3911c2a7]" started-at="2023-04-23T16:08:08 IST" name="testPostUser" finished-at="2023-04-23T16:08:14 IST" duration-ms="5232" status="PASS">
          <reporter-output>
          </reporter-output>
        </test-method> <!-- testPostUser -->
        <test-method signature="testGetUserByName()[pri:2, instance:api.test.UserTest2@3911c2a7]" started-at="2023-04-23T16:08:14 IST" name="testGetUserByName" finished-at="2023-04-23T16:08:15 IST" duration-ms="1299" status="PASS">
          <reporter-output>
          </reporter-output>
        </test-method> <!-- testGetUserByName -->
        <test-method signature="testUpdateUser()[pri:3, instance:api.test.UserTest2@3911c2a7]" started-at="2023-04-23T16:08:15 IST" name="testUpdateUser" finished-at="2023-04-23T16:08:17 IST" duration-ms="2379" status="PASS">
          <reporter-output>
          </reporter-output>
        </test-method> <!-- testUpdateUser -->
        <test-method signature="testDeleteUser()[pri:4, instance:api.test.UserTest2@3911c2a7]" started-at="2023-04-23T16:08:17 IST" name="testDeleteUser" finished-at="2023-04-23T16:08:19 IST" duration-ms="1224" status="PASS">
          <reporter-output>
          </reporter-output>
        </test-method> <!-- testDeleteUser -->
      </class> <!-- api.test.UserTest2 -->
    </test> <!-- PetTest -->
  </suite> <!-- PetSuite -->
</testng-results>
