<?xml version="1.0" encoding="UTF-8"?>
<testng-results ignored="0" total="4" passed="4" failed="0" skipped="0">
  <reporter-output>
  </reporter-output>
  <suite started-at="2023-04-23T15:39:25 IST" name="PetSuite" finished-at="2023-04-23T15:39:36 IST" duration-ms="10945">
    <groups>
    </groups>
    <test started-at="2023-04-23T15:39:25 IST" name="PetTest" finished-at="2023-04-23T15:39:36 IST" duration-ms="10945">
      <class name="api.test.UserTest2">
        <test-method is-config="true" signature="setup()[pri:0, instance:api.test.UserTest2@478190fc]" started-at="2023-04-23T15:39:26 IST" name="setup" finished-at="2023-04-23T15:39:27 IST" duration-ms="1160" status="PASS">
          <reporter-output>
          </reporter-output>
        </test-method> <!-- setup -->
        <test-method signature="testPostUser()[pri:1, instance:api.test.UserTest2@478190fc]" started-at="2023-04-23T15:39:27 IST" name="testPostUser" finished-at="2023-04-23T15:39:31 IST" duration-ms="4137" status="PASS">
          <reporter-output>
          </reporter-output>
        </test-method> <!-- testPostUser -->
        <test-method signature="testGetUserByName()[pri:2, instance:api.test.UserTest2@478190fc]" started-at="2023-04-23T15:39:31 IST" name="testGetUserByName" finished-at="2023-04-23T15:39:33 IST" duration-ms="1351" status="PASS">
          <reporter-output>
          </reporter-output>
        </test-method> <!-- testGetUserByName -->
        <test-method signature="testUpdateUser()[pri:3, instance:api.test.UserTest2@478190fc]" started-at="2023-04-23T15:39:33 IST" name="testUpdateUser" finished-at="2023-04-23T15:39:35 IST" duration-ms="2453" status="PASS">
          <reporter-output>
          </reporter-output>
        </test-method> <!-- testUpdateUser -->
        <test-method signature="testDeleteUser()[pri:4, instance:api.test.UserTest2@478190fc]" started-at="2023-04-23T15:39:35 IST" name="testDeleteUser" finished-at="2023-04-23T15:39:36 IST" duration-ms="1253" status="PASS">
          <reporter-output>
          </reporter-output>
        </test-method> <!-- testDeleteUser -->
      </class> <!-- api.test.UserTest2 -->
    </test> <!-- PetTest -->
  </suite> <!-- PetSuite -->
</testng-results>
