<?xml version="1.0" encoding="UTF-8"?>
<!-- Generated by org.testng.reporters.JUnitXMLReporter -->
<testsuite ignored="0" hostname="DESKTOP-KHL9E1P" failures="0" tests="4" name="PetTest" time="11.621" errors="0" timestamp="2023-04-23T16:08:19 IST">
  <testcase classname="api.test.UserTest2" name="testPostUser" time="5.232"/>
  <testcase classname="api.test.UserTest2" name="testGetUserByName" time="1.299"/>
  <testcase classname="api.test.UserTest2" name="testUpdateUser" time="2.379"/>
  <testcase classname="api.test.UserTest2" name="testDeleteUser" time="1.224"/>
</testsuite> <!-- PetTest -->
