<?xml version="1.0" encoding="UTF-8"?>
<!-- Generated by org.testng.reporters.JUnitXMLReporter -->
<testsuite ignored="0" hostname="DESKTOP-KHL9E1P" failures="0" tests="4" name="PetTest" time="10.945" errors="0" timestamp="2023-04-23T15:39:37 IST">
  <testcase classname="api.test.UserTest2" name="testPostUser" time="4.137"/>
  <testcase classname="api.test.UserTest2" name="testGetUserByName" time="1.351"/>
  <testcase classname="api.test.UserTest2" name="testUpdateUser" time="2.453"/>
  <testcase classname="api.test.UserTest2" name="testDeleteUser" time="1.253"/>
</testsuite> <!-- PetTest -->
